This file contains any messages produced by compilers while
running configure, to aid debugging if configure makes a mistake.

It was created by libsigc++ configure 2.2.10, which was
generated by GNU Autoconf 2.68.  Invocation command line was

  $ ./configure --host=arm-linux --prefix=/home/smalik/arm-gcc/opt/FriendlyARM/toolschain/4.4.3/

## --------- ##
## Platform. ##
## --------- ##

hostname = smalik-laptop
uname -m = x86_64
uname -r = 3.1.6-1.fc16.x86_64
uname -s = Linux
uname -v = #1 SMP Wed Dec 21 22:41:17 UTC 2011

/usr/bin/uname -p = unknown
/bin/uname -X     = unknown

/bin/arch              = x86_64
/usr/bin/arch -k       = unknown
/usr/convex/getsysinfo = unknown
/usr/bin/hostinfo      = unknown
/bin/machine           = unknown
/usr/bin/oslevel       = unknown
/bin/universe          = unknown

PATH: /home/smalik/Downloads/firefox
PATH: /home/smalik/Downloads/jazz/scmtools/eclipse
PATH: /home/smalik/Downloads/firefox
PATH: /home/smalik/Downloads/jazz/scmtools/eclipse
PATH: /usr/local/bin
PATH: /bin
PATH: /usr/bin
PATH: /usr/local/sbin
PATH: /usr/sbin
PATH: /sbin
PATH: /opt/lodev3.5//program
PATH: /opt/ibm/c4eb/bin
PATH: /home/smalik/bin
PATH: /usr/kerberos/bin
PATH: /home/smalik/arm-gcc/opt/FriendlyARM/toolschain/4.4.3/bin


## ----------- ##
## Core tests. ##
## ----------- ##

configure:2339: checking for a BSD-compatible install
configure:2407: result: /usr/bin/install -c
configure:2418: checking whether build environment is sane
configure:2468: result: yes
configure:2517: checking for arm-linux-strip
configure:2533: found /home/smalik/arm-gcc/opt/FriendlyARM/toolschain/4.4.3/bin/arm-linux-strip
configure:2544: result: arm-linux-strip
configure:2609: checking for a thread-safe mkdir -p
configure:2648: result: /bin/mkdir -p
configure:2661: checking for gawk
configure:2677: found /bin/gawk
configure:2688: result: gawk
configure:2699: checking whether make sets $(MAKE)
configure:2721: result: yes
configure:2787: checking how to create a ustar tar archive
configure:2800: tar --version
tar (GNU tar) 1.26
Copyright (C) 2011 Free Software Foundation, Inc.
License GPLv3+: GNU GPL version 3 or later <http://gnu.org/licenses/gpl.html>.
This is free software: you are free to change and redistribute it.
There is NO WARRANTY, to the extent permitted by law.

Written by John Gilmore and Jay Fenlason.
configure:2803: $? = 0
configure:2843: tardir=conftest.dir && eval tar --format=ustar -chf - "$tardir" >conftest.tar
configure:2846: $? = 0
configure:2850: tar -xf - <conftest.tar
configure:2853: $? = 0
configure:2866: result: gnutar
configure:2886: checking whether to enable maintainer-specific portions of Makefiles
configure:2895: result: no
configure:2912: checking whether make supports GNU make features
test 'success' = success
configure:2926: result: yes
configure:2981: checking for arm-linux-g++
configure:2997: found /home/smalik/arm-gcc/opt/FriendlyARM/toolschain/4.4.3/bin/arm-linux-g++
configure:3008: result: arm-linux-g++
configure:3079: checking for C++ compiler version
configure:3088: arm-linux-g++ --version >&5
.arm-none-linux-gnueabi-g++ (ctng-1.6.1) 4.4.3
Copyright (C) 2010 Free Software Foundation, Inc.
This is free software; see the source for copying conditions.  There is NO
warranty; not even for MERCHANTABILITY or FITNESS FOR A PARTICULAR PURPOSE.

configure:3099: $? = 0
configure:3088: arm-linux-g++ -v >&5
Using built-in specs.
Target: arm-none-linux-gnueabi
Configured with: /opt/FriendlyARM/mini2440/build-toolschain/working/src/gcc-4.4.3/configure --build=i386-build_redhat-linux-gnu --host=i386-build_redhat-linux-gnu --target=arm-none-linux-gnueabi --prefix=/opt/FriendlyARM/toolschain/4.4.3 --with-sysroot=/opt/FriendlyARM/toolschain/4.4.3/arm-none-linux-gnueabi//sys-root --enable-languages=c,c++ --disable-multilib --with-arch=armv4t --with-cpu=arm920t --with-tune=arm920t --with-float=soft --with-pkgversion=ctng-1.6.1 --disable-sjlj-exceptions --enable-__cxa_atexit --with-gmp=/opt/FriendlyARM/toolschain/4.4.3 --with-mpfr=/opt/FriendlyARM/toolschain/4.4.3 --with-ppl=/opt/FriendlyARM/toolschain/4.4.3 --with-cloog=/opt/FriendlyARM/toolschain/4.4.3 --with-mpc=/opt/FriendlyARM/toolschain/4.4.3 --with-local-prefix=/opt/FriendlyARM/toolschain/4.4.3/arm-none-linux-gnueabi//sys-root --disable-nls --enable-threads=posix --enable-symvers=gnu --enable-c99 --enable-long-long --enable-target-optspace
Thread model: posix
gcc version 4.4.3 (ctng-1.6.1) 
configure:3099: $? = 0
configure:3088: arm-linux-g++ -V >&5
.arm-none-linux-gnueabi-g++: '-V' option must have argument
configure:3099: $? = 1
configure:3088: arm-linux-g++ -qversion >&5
.arm-none-linux-gnueabi-g++: unrecognized option '-qversion'
.arm-none-linux-gnueabi-g++: no input files
configure:3099: $? = 1
configure:3119: checking whether the C++ compiler works
configure:3141: arm-linux-g++    conftest.cpp  >&5
configure:3145: $? = 0
configure:3193: result: yes
configure:3196: checking for C++ compiler default output file name
configure:3198: result: a.out
configure:3204: checking for suffix of executables
configure:3211: arm-linux-g++ -o conftest    conftest.cpp  >&5
configure:3215: $? = 0
configure:3237: result: 
configure:3259: checking whether we are cross compiling
configure:3267: arm-linux-g++ -o conftest    conftest.cpp  >&5
configure:3271: $? = 0
configure:3278: ./conftest
./configure: line 3280: ./conftest: cannot execute binary file
configure:3282: $? = 126
configure:3297: result: yes
configure:3302: checking for suffix of object files
configure:3324: arm-linux-g++ -c   conftest.cpp >&5
configure:3328: $? = 0
configure:3349: result: o
configure:3353: checking whether we are using the GNU C++ compiler
configure:3372: arm-linux-g++ -c   conftest.cpp >&5
configure:3372: $? = 0
configure:3381: result: yes
configure:3390: checking whether arm-linux-g++ accepts -g
configure:3410: arm-linux-g++ -c -g  conftest.cpp >&5
configure:3410: $? = 0
configure:3451: result: yes
configure:3485: checking for style of include used by make
configure:3513: result: GNU
configure:3538: checking dependency style of arm-linux-g++
configure:3648: result: gcc3
configure:3698: checking build system type
configure:3712: result: x86_64-unknown-linux-gnu
configure:3732: checking host system type
configure:3745: result: arm-unknown-linux-gnu
configure:4114: checking how to print strings
configure:4141: result: printf
configure:4170: checking for arm-linux-gcc
configure:4186: found /home/smalik/arm-gcc/opt/FriendlyARM/toolschain/4.4.3/bin/arm-linux-gcc
configure:4197: result: arm-linux-gcc
configure:4466: checking for C compiler version
configure:4475: arm-linux-gcc --version >&5
.arm-none-linux-gnueabi-gcc (ctng-1.6.1) 4.4.3
Copyright (C) 2010 Free Software Foundation, Inc.
This is free software; see the source for copying conditions.  There is NO
warranty; not even for MERCHANTABILITY or FITNESS FOR A PARTICULAR PURPOSE.

configure:4486: $? = 0
configure:4475: arm-linux-gcc -v >&5
Using built-in specs.
Target: arm-none-linux-gnueabi
Configured with: /opt/FriendlyARM/mini2440/build-toolschain/working/src/gcc-4.4.3/configure --build=i386-build_redhat-linux-gnu --host=i386-build_redhat-linux-gnu --target=arm-none-linux-gnueabi --prefix=/opt/FriendlyARM/toolschain/4.4.3 --with-sysroot=/opt/FriendlyARM/toolschain/4.4.3/arm-none-linux-gnueabi//sys-root --enable-languages=c,c++ --disable-multilib --with-arch=armv4t --with-cpu=arm920t --with-tune=arm920t --with-float=soft --with-pkgversion=ctng-1.6.1 --disable-sjlj-exceptions --enable-__cxa_atexit --with-gmp=/opt/FriendlyARM/toolschain/4.4.3 --with-mpfr=/opt/FriendlyARM/toolschain/4.4.3 --with-ppl=/opt/FriendlyARM/toolschain/4.4.3 --with-cloog=/opt/FriendlyARM/toolschain/4.4.3 --with-mpc=/opt/FriendlyARM/toolschain/4.4.3 --with-local-prefix=/opt/FriendlyARM/toolschain/4.4.3/arm-none-linux-gnueabi//sys-root --disable-nls --enable-threads=posix --enable-symvers=gnu --enable-c99 --enable-long-long --enable-target-optspace
Thread model: posix
gcc version 4.4.3 (ctng-1.6.1) 
configure:4486: $? = 0
configure:4475: arm-linux-gcc -V >&5
.arm-none-linux-gnueabi-gcc: '-V' option must have argument
configure:4486: $? = 1
configure:4475: arm-linux-gcc -qversion >&5
.arm-none-linux-gnueabi-gcc: unrecognized option '-qversion'
.arm-none-linux-gnueabi-gcc: no input files
configure:4486: $? = 1
configure:4490: checking whether we are using the GNU C compiler
configure:4509: arm-linux-gcc -c   conftest.c >&5
configure:4509: $? = 0
configure:4518: result: yes
configure:4527: checking whether arm-linux-gcc accepts -g
configure:4547: arm-linux-gcc -c -g  conftest.c >&5
configure:4547: $? = 0
configure:4588: result: yes
configure:4605: checking for arm-linux-gcc option to accept ISO C89
configure:4669: arm-linux-gcc  -c -g -O2  conftest.c >&5
configure:4669: $? = 0
configure:4682: result: none needed
configure:4704: checking dependency style of arm-linux-gcc
configure:4814: result: gcc3
configure:4829: checking for a sed that does not truncate output
configure:4893: result: /bin/sed
configure:4911: checking for grep that handles long lines and -e
configure:4969: result: /bin/grep
configure:4974: checking for egrep
configure:5036: result: /bin/grep -E
configure:5041: checking for fgrep
configure:5103: result: /bin/grep -F
configure:5138: checking for ld used by arm-linux-gcc
configure:5205: result: /home/smalik/arm-gcc/opt/FriendlyARM/toolschain/4.4.3/arm-none-linux-gnueabi/bin/ld
configure:5212: checking if the linker (/home/smalik/arm-gcc/opt/FriendlyARM/toolschain/4.4.3/arm-none-linux-gnueabi/bin/ld) is GNU ld
configure:5227: result: yes
configure:5239: checking for BSD- or MS-compatible name lister (nm)
configure:5288: result: /home/smalik/arm-gcc/opt/FriendlyARM/toolschain/4.4.3/bin/arm-linux-nm -B
configure:5418: checking the name lister (/home/smalik/arm-gcc/opt/FriendlyARM/toolschain/4.4.3/bin/arm-linux-nm -B) interface
configure:5425: arm-linux-gcc -c -g -O2  conftest.c >&5
configure:5428: /home/smalik/arm-gcc/opt/FriendlyARM/toolschain/4.4.3/bin/arm-linux-nm -B "conftest.o"
configure:5431: output
00000000 B some_variable
configure:5438: result: BSD nm
configure:5441: checking whether ln -s works
configure:5445: result: yes
configure:5453: checking the maximum length of command line arguments
configure:5578: result: 1572864
configure:5595: checking whether the shell understands some XSI constructs
configure:5605: result: yes
configure:5609: checking whether the shell understands "+="
configure:5615: result: yes
configure:5650: checking how to convert x86_64-unknown-linux-gnu file names to arm-unknown-linux-gnu format
configure:5690: result: func_convert_file_noop
configure:5697: checking how to convert x86_64-unknown-linux-gnu file names to toolchain format
configure:5717: result: func_convert_file_noop
configure:5724: checking for /home/smalik/arm-gcc/opt/FriendlyARM/toolschain/4.4.3/arm-none-linux-gnueabi/bin/ld option to reload object files
configure:5731: result: -r
configure:5765: checking for arm-linux-objdump
configure:5792: result: objdump
configure:5861: checking how to recognize dependent libraries
configure:6063: result: pass_all
configure:6108: checking for arm-linux-dlltool
configure:6135: result: dlltool
configure:6205: checking how to associate runtime and link libraries
configure:6232: result: printf %s\n
configure:6249: checking for arm-linux-ar
configure:6265: found /home/smalik/arm-gcc/opt/FriendlyARM/toolschain/4.4.3/bin/arm-linux-ar
configure:6276: result: arm-linux-ar
configure:6357: checking for archiver @FILE support
configure:6374: arm-linux-gcc -c -g -O2  conftest.c >&5
configure:6374: $? = 0
configure:6377: arm-linux-ar cru libconftest.a @conftest.lst >&5
configure:6380: $? = 0
configure:6385: arm-linux-ar cru libconftest.a @conftest.lst >&5
/home/smalik/arm-gcc/opt/FriendlyARM/toolschain/4.4.3/bin/.arm-none-linux-gnueabi-ar: conftest.o: No such file or directory
configure:6388: $? = 1
configure:6400: result: @
configure:6418: checking for arm-linux-strip
configure:6445: result: arm-linux-strip
configure:6517: checking for arm-linux-ranlib
configure:6533: found /home/smalik/arm-gcc/opt/FriendlyARM/toolschain/4.4.3/bin/arm-linux-ranlib
configure:6544: result: arm-linux-ranlib
configure:6686: checking command to parse /home/smalik/arm-gcc/opt/FriendlyARM/toolschain/4.4.3/bin/arm-linux-nm -B output from arm-linux-gcc object
configure:6805: arm-linux-gcc -c -g -O2  conftest.c >&5
configure:6808: $? = 0
configure:6812: /home/smalik/arm-gcc/opt/FriendlyARM/toolschain/4.4.3/bin/arm-linux-nm -B conftest.o \| sed -n -e 's/^.*[ ]\([ABCDGIRSTW][ABCDGIRSTW]*\)[ ][ ]*\([_A-Za-z][_A-Za-z0-9]*\)$/\1 \2 \2/p' | sed '/ __gnu_lto/d' \> conftest.nm
configure:6815: $? = 0
configure:6881: arm-linux-gcc -o conftest -g -O2   conftest.c conftstm.o >&5
configure:6884: $? = 0
configure:6922: result: ok
configure:6959: checking for sysroot
configure:6989: result: no
configure:7192: checking for arm-linux-mt
configure:7222: result: no
configure:7232: checking for mt
configure:7262: result: no
configure:7282: checking if : is a manifest tool
configure:7288: : '-?'
configure:7296: result: no
configure:7928: checking how to run the C preprocessor
configure:7959: arm-linux-gcc -E  conftest.c
configure:7959: $? = 0
configure:7973: arm-linux-gcc -E  conftest.c
conftest.c:12:28: error: ac_nonexistent.h: No such file or directory
configure:7973: $? = 1
configure: failed program was:
| /* confdefs.h */
| #define PACKAGE_NAME "libsigc++"
| #define PACKAGE_TARNAME "libsigc++"
| #define PACKAGE_VERSION "2.2.10"
| #define PACKAGE_STRING "libsigc++ 2.2.10"
| #define PACKAGE_BUGREPORT "http://bugzilla.gnome.org/enter_bug.cgi?product=libsigc%2B%2B"
| #define PACKAGE_URL "http://libsigc.sourceforge.net/"
| #define SIGCXX_MAJOR_VERSION 2
| #define SIGCXX_MINOR_VERSION 2
| #define SIGCXX_MICRO_VERSION 10
| /* end confdefs.h.  */
| #include <ac_nonexistent.h>
configure:7998: result: arm-linux-gcc -E
configure:8018: arm-linux-gcc -E  conftest.c
configure:8018: $? = 0
configure:8032: arm-linux-gcc -E  conftest.c
conftest.c:12:28: error: ac_nonexistent.h: No such file or directory
configure:8032: $? = 1
configure: failed program was:
| /* confdefs.h */
| #define PACKAGE_NAME "libsigc++"
| #define PACKAGE_TARNAME "libsigc++"
| #define PACKAGE_VERSION "2.2.10"
| #define PACKAGE_STRING "libsigc++ 2.2.10"
| #define PACKAGE_BUGREPORT "http://bugzilla.gnome.org/enter_bug.cgi?product=libsigc%2B%2B"
| #define PACKAGE_URL "http://libsigc.sourceforge.net/"
| #define SIGCXX_MAJOR_VERSION 2
| #define SIGCXX_MINOR_VERSION 2
| #define SIGCXX_MICRO_VERSION 10
| /* end confdefs.h.  */
| #include <ac_nonexistent.h>
configure:8061: checking for ANSI C header files
configure:8081: arm-linux-gcc -c -g -O2  conftest.c >&5
configure:8081: $? = 0
configure:8165: result: yes
configure:8178: checking for sys/types.h
configure:8178: arm-linux-gcc -c -g -O2  conftest.c >&5
configure:8178: $? = 0
configure:8178: result: yes
configure:8178: checking for sys/stat.h
configure:8178: arm-linux-gcc -c -g -O2  conftest.c >&5
configure:8178: $? = 0
configure:8178: result: yes
configure:8178: checking for stdlib.h
configure:8178: arm-linux-gcc -c -g -O2  conftest.c >&5
configure:8178: $? = 0
configure:8178: result: yes
configure:8178: checking for string.h
configure:8178: arm-linux-gcc -c -g -O2  conftest.c >&5
configure:8178: $? = 0
configure:8178: result: yes
configure:8178: checking for memory.h
configure:8178: arm-linux-gcc -c -g -O2  conftest.c >&5
configure:8178: $? = 0
configure:8178: result: yes
configure:8178: checking for strings.h
configure:8178: arm-linux-gcc -c -g -O2  conftest.c >&5
configure:8178: $? = 0
configure:8178: result: yes
configure:8178: checking for inttypes.h
configure:8178: arm-linux-gcc -c -g -O2  conftest.c >&5
configure:8178: $? = 0
configure:8178: result: yes
configure:8178: checking for stdint.h
configure:8178: arm-linux-gcc -c -g -O2  conftest.c >&5
configure:8178: $? = 0
configure:8178: result: yes
configure:8178: checking for unistd.h
configure:8178: arm-linux-gcc -c -g -O2  conftest.c >&5
configure:8178: $? = 0
configure:8178: result: yes
configure:8192: checking for dlfcn.h
configure:8192: arm-linux-gcc -c -g -O2  conftest.c >&5
configure:8192: $? = 0
configure:8192: result: yes
configure:8358: checking for objdir
configure:8373: result: .libs
configure:8644: checking if arm-linux-gcc supports -fno-rtti -fno-exceptions
configure:8662: arm-linux-gcc -c -g -O2  -fno-rtti -fno-exceptions conftest.c >&5
cc1: warning: command line option "-fno-rtti" is valid for C++/ObjC++ but not for C
configure:8666: $? = 0
configure:8679: result: no
configure:8989: checking for arm-linux-gcc option to produce PIC
configure:8996: result: -fPIC -DPIC
configure:9004: checking if arm-linux-gcc PIC flag -fPIC -DPIC works
configure:9022: arm-linux-gcc -c -g -O2  -fPIC -DPIC -DPIC conftest.c >&5
configure:9026: $? = 0
configure:9039: result: yes
configure:9068: checking if arm-linux-gcc static flag -static works
configure:9096: result: yes
configure:9111: checking if arm-linux-gcc supports -c -o file.o
configure:9132: arm-linux-gcc -c -g -O2  -o out/conftest2.o conftest.c >&5
configure:9136: $? = 0
configure:9158: result: yes
configure:9166: checking if arm-linux-gcc supports -c -o file.o
configure:9213: result: yes
configure:9246: checking whether the arm-linux-gcc linker (/home/smalik/arm-gcc/opt/FriendlyARM/toolschain/4.4.3/arm-none-linux-gnueabi/bin/ld) supports shared libraries
configure:10404: result: yes
configure:10441: checking whether -lc should be explicitly linked in
configure:10449: arm-linux-gcc -c -g -O2  conftest.c >&5
configure:10452: $? = 0
configure:10467: arm-linux-gcc -shared  -fPIC -DPIC conftest.o  -v -Wl,-soname -Wl,conftest -o conftest 2\>\&1 \| /bin/grep  -lc  \>/dev/null 2\>\&1
configure:10470: $? = 0
configure:10484: result: no
configure:10649: checking dynamic linker characteristics
configure:11163: arm-linux-gcc -o conftest -g -O2   -Wl,-rpath -Wl,/foo conftest.c  >&5
configure:11163: $? = 0
configure:11385: result: GNU/Linux ld.so
configure:11492: checking how to hardcode library paths into programs
configure:11517: result: immediate
configure:12057: checking whether stripping libraries is possible
configure:12062: result: yes
configure:12097: checking if libtool supports shared libraries
configure:12099: result: yes
configure:12102: checking whether to build shared libraries
configure:12123: result: yes
configure:12126: checking whether to build static libraries
configure:12130: result: no
configure:12153: checking how to run the C++ preprocessor
configure:12180: arm-linux-g++ -E  conftest.cpp
configure:12180: $? = 0
configure:12194: arm-linux-g++ -E  conftest.cpp
conftest.cpp:24:28: error: ac_nonexistent.h: No such file or directory
configure:12194: $? = 1
configure: failed program was:
| /* confdefs.h */
| #define PACKAGE_NAME "libsigc++"
| #define PACKAGE_TARNAME "libsigc++"
| #define PACKAGE_VERSION "2.2.10"
| #define PACKAGE_STRING "libsigc++ 2.2.10"
| #define PACKAGE_BUGREPORT "http://bugzilla.gnome.org/enter_bug.cgi?product=libsigc%2B%2B"
| #define PACKAGE_URL "http://libsigc.sourceforge.net/"
| #define SIGCXX_MAJOR_VERSION 2
| #define SIGCXX_MINOR_VERSION 2
| #define SIGCXX_MICRO_VERSION 10
| #define STDC_HEADERS 1
| #define HAVE_SYS_TYPES_H 1
| #define HAVE_SYS_STAT_H 1
| #define HAVE_STDLIB_H 1
| #define HAVE_STRING_H 1
| #define HAVE_MEMORY_H 1
| #define HAVE_STRINGS_H 1
| #define HAVE_INTTYPES_H 1
| #define HAVE_STDINT_H 1
| #define HAVE_UNISTD_H 1
| #define HAVE_DLFCN_H 1
| #define LT_OBJDIR ".libs/"
| /* end confdefs.h.  */
| #include <ac_nonexistent.h>
configure:12219: result: arm-linux-g++ -E
configure:12239: arm-linux-g++ -E  conftest.cpp
configure:12239: $? = 0
configure:12253: arm-linux-g++ -E  conftest.cpp
conftest.cpp:24:28: error: ac_nonexistent.h: No such file or directory
configure:12253: $? = 1
configure: failed program was:
| /* confdefs.h */
| #define PACKAGE_NAME "libsigc++"
| #define PACKAGE_TARNAME "libsigc++"
| #define PACKAGE_VERSION "2.2.10"
| #define PACKAGE_STRING "libsigc++ 2.2.10"
| #define PACKAGE_BUGREPORT "http://bugzilla.gnome.org/enter_bug.cgi?product=libsigc%2B%2B"
| #define PACKAGE_URL "http://libsigc.sourceforge.net/"
| #define SIGCXX_MAJOR_VERSION 2
| #define SIGCXX_MINOR_VERSION 2
| #define SIGCXX_MICRO_VERSION 10
| #define STDC_HEADERS 1
| #define HAVE_SYS_TYPES_H 1
| #define HAVE_SYS_STAT_H 1
| #define HAVE_STDLIB_H 1
| #define HAVE_STRING_H 1
| #define HAVE_MEMORY_H 1
| #define HAVE_STRINGS_H 1
| #define HAVE_INTTYPES_H 1
| #define HAVE_STDINT_H 1
| #define HAVE_UNISTD_H 1
| #define HAVE_DLFCN_H 1
| #define LT_OBJDIR ".libs/"
| /* end confdefs.h.  */
| #include <ac_nonexistent.h>
configure:12423: checking for ld used by arm-linux-g++
configure:12490: result: /home/smalik/arm-gcc/opt/FriendlyARM/toolschain/4.4.3/arm-none-linux-gnueabi/bin/ld
configure:12497: checking if the linker (/home/smalik/arm-gcc/opt/FriendlyARM/toolschain/4.4.3/arm-none-linux-gnueabi/bin/ld) is GNU ld
configure:12512: result: yes
configure:12567: checking whether the arm-linux-g++ linker (/home/smalik/arm-gcc/opt/FriendlyARM/toolschain/4.4.3/arm-none-linux-gnueabi/bin/ld) supports shared libraries
configure:13571: result: yes
configure:13606: arm-linux-g++ -c -g -O2  conftest.cpp >&5
configure:13609: $? = 0
configure:14129: checking for arm-linux-g++ option to produce PIC
configure:14136: result: -fPIC -DPIC
configure:14144: checking if arm-linux-g++ PIC flag -fPIC -DPIC works
configure:14162: arm-linux-g++ -c -g -O2  -fPIC -DPIC -DPIC conftest.cpp >&5
configure:14166: $? = 0
configure:14179: result: yes
configure:14202: checking if arm-linux-g++ static flag -static works
configure:14230: result: yes
configure:14242: checking if arm-linux-g++ supports -c -o file.o
configure:14263: arm-linux-g++ -c -g -O2  -o out/conftest2.o conftest.cpp >&5
configure:14267: $? = 0
configure:14289: result: yes
configure:14294: checking if arm-linux-g++ supports -c -o file.o
configure:14341: result: yes
configure:14371: checking whether the arm-linux-g++ linker (/home/smalik/arm-gcc/opt/FriendlyARM/toolschain/4.4.3/arm-none-linux-gnueabi/bin/ld) supports shared libraries
configure:14405: result: yes
configure:14548: checking dynamic linker characteristics
configure:15218: result: GNU/Linux ld.so
configure:15271: checking how to hardcode library paths into programs
configure:15296: result: immediate
configure:15361: checking for gm4
configure:15391: result: no
configure:15361: checking for m4
configure:15377: found /usr/bin/m4
configure:15388: result: m4
configure:15409: checking for perl
configure:15427: found /usr/bin/perl
configure:15440: result: /usr/bin/perl
configure:15451: checking for dot
configure:15482: result: dot
configure:15492: checking for doxygen
configure:15523: result: doxygen
configure:15533: checking for xsltproc
configure:15551: found /usr/bin/xsltproc
configure:15564: result: /usr/bin/xsltproc
configure:15635: checking for arm-linux-pkg-config
configure:15668: result: no
configure:15678: checking for pkg-config
configure:15696: found /usr/bin/pkg-config
configure:15708: result: /usr/bin/pkg-config
configure:15720: WARNING: using cross tools not prefixed with host triplet
configure:15733: checking pkg-config is at least version 0.9.0
configure:15736: result: yes
configure:15745: checking for libstdc documentation
configure:15801: result: libstdc++.tag@
configure:15809: WARNING: Location of external libstdc documentation not set
configure:15838: checking if C++ compiler supports the use of a particular specialization when calling operator() template methods.
configure:15882: arm-linux-g++ -c -g -O2  conftest.cpp >&5
configure:15882: $? = 0
configure:15888: result: yes
configure:15901: checking if C++ compiler supports the use of a particular specialization when calling operator() template methods omitting the template keyword.
configure:15945: arm-linux-g++ -c -g -O2  conftest.cpp >&5
configure:15945: $? = 0
configure:15951: result: yes
configure:15964: checking if C++ compiler allows usage of member function in initialization of static member field.
configure:15987: arm-linux-g++ -c -g -O2  conftest.cpp >&5
configure:15987: $? = 0
configure:15993: result: yes
configure:16006: checking whether C++ library symbols are declared in namespace std
configure:16036: arm-linux-g++ -c -g -O2  conftest.cpp >&5
configure:16036: $? = 0
configure:16045: result: yes
configure:16059: checking for non-standard Sun libCstd reverse_iterator
configure:16083: arm-linux-g++ -c -g -O2  conftest.cpp >&5
conftest.cpp: In function 'int main()':
conftest.cpp:38: error: wrong number of template arguments (6, should be 1)
/home/smalik/arm-gcc/opt/FriendlyARM/toolschain/4.4.3/bin/../lib/gcc/arm-none-linux-gnueabi/4.4.3/../../../../arm-none-linux-gnueabi/include/c++/4.4.3/bits/stl_iterator.h:90: error: provided for 'template<class _Iterator> class std::reverse_iterator'
conftest.cpp:38: error: invalid type in declaration before ';' token
configure:16083: $? = 1
configure: failed program was:
| /* confdefs.h */
| #define PACKAGE_NAME "libsigc++"
| #define PACKAGE_TARNAME "libsigc++"
| #define PACKAGE_VERSION "2.2.10"
| #define PACKAGE_STRING "libsigc++ 2.2.10"
| #define PACKAGE_BUGREPORT "http://bugzilla.gnome.org/enter_bug.cgi?product=libsigc%2B%2B"
| #define PACKAGE_URL "http://libsigc.sourceforge.net/"
| #define SIGCXX_MAJOR_VERSION 2
| #define SIGCXX_MINOR_VERSION 2
| #define SIGCXX_MICRO_VERSION 10
| #define STDC_HEADERS 1
| #define HAVE_SYS_TYPES_H 1
| #define HAVE_SYS_STAT_H 1
| #define HAVE_STDLIB_H 1
| #define HAVE_STRING_H 1
| #define HAVE_MEMORY_H 1
| #define HAVE_STRINGS_H 1
| #define HAVE_INTTYPES_H 1
| #define HAVE_STDINT_H 1
| #define HAVE_UNISTD_H 1
| #define HAVE_DLFCN_H 1
| #define LT_OBJDIR ".libs/"
| #define SIGC_GCC_TEMPLATE_SPECIALIZATION_OPERATOR_OVERLOAD 1
| #define SIGC_MSVC_TEMPLATE_SPECIALIZATION_OPERATOR_OVERLOAD 1
| #define SIGC_SELF_REFERENCE_IN_MEMBER_INITIALIZATION 1
| #define SIGC_HAVE_NAMESPACE_STD 1
| /* end confdefs.h.  */
| 
|       #include <iterator>
|       #ifdef SIGC_HAVE_NAMESPACE_STD
|       using namespace std;
|       #endif
| 
| int
| main ()
| {
| 
|       typedef reverse_iterator<char*,random_access_iterator_tag,char,char&,char*,int> ReverseIter;
| 
|   ;
|   return 0;
| }
configure:16092: result: no
configure:16126: checking which C++ compiler warning flags to use
configure:16176: result: -Wall
configure:16335: creating ./config.status

## ---------------------- ##
## Running config.status. ##
## ---------------------- ##

This file was extended by libsigc++ config.status 2.2.10, which was
generated by GNU Autoconf 2.68.  Invocation command line was

  CONFIG_FILES    = 
  CONFIG_HEADERS  = 
  CONFIG_LINKS    = 
  CONFIG_COMMANDS = 
  $ ./config.status 

on smalik-laptop

config.status:1201: creating Makefile
config.status:1201: creating sigc++-2.0.pc
config.status:1201: creating sigc++-2.0-uninstalled.pc
config.status:1201: creating sigc++/Makefile
config.status:1201: creating examples/Makefile
config.status:1201: creating tests/Makefile
config.status:1201: creating docs/Makefile
config.status:1201: creating docs/reference/Doxyfile
config.status:1201: creating MSVC_Net2005/sigc.rc
config.status:1201: creating MSVC_Net2008/sigc.rc
config.status:1201: creating MSVC_Net2010/sigc.rc
config.status:1201: creating config.h
config.status:1382: config.h is unchanged
config.status:1201: creating sigc++config.h
config.status:1382: sigc++config.h is unchanged
config.status:1430: executing depfiles commands
config.status:1430: executing libtool commands
config.status:1430: executing MSVC_Net2005/sigc++config.h commands
config.status:1430: executing MSVC_Net2008/sigc++config.h commands
config.status:1430: executing MSVC_Net2010/sigc++config.h commands

## ---------------- ##
## Cache variables. ##
## ---------------- ##

ac_cv_build=x86_64-unknown-linux-gnu
ac_cv_c_compiler_gnu=yes
ac_cv_cxx_compiler_gnu=yes
ac_cv_env_ACLOCAL_FLAGS_set=
ac_cv_env_ACLOCAL_FLAGS_value=
ac_cv_env_CCC_set=
ac_cv_env_CCC_value=
ac_cv_env_CC_set=
ac_cv_env_CC_value=
ac_cv_env_CFLAGS_set=
ac_cv_env_CFLAGS_value=
ac_cv_env_CPPFLAGS_set=
ac_cv_env_CPPFLAGS_value=
ac_cv_env_CPP_set=
ac_cv_env_CPP_value=
ac_cv_env_CXXCPP_set=
ac_cv_env_CXXCPP_value=
ac_cv_env_CXXFLAGS_set=
ac_cv_env_CXXFLAGS_value=
ac_cv_env_CXX_set=
ac_cv_env_CXX_value=
ac_cv_env_DOT_set=
ac_cv_env_DOT_value=
ac_cv_env_DOXYGEN_set=
ac_cv_env_DOXYGEN_value=
ac_cv_env_LDFLAGS_set=
ac_cv_env_LDFLAGS_value=
ac_cv_env_LIBS_set=
ac_cv_env_LIBS_value=
ac_cv_env_M4_set=
ac_cv_env_M4_value=
ac_cv_env_PERL_set=
ac_cv_env_PERL_value=
ac_cv_env_PKG_CONFIG_LIBDIR_set=
ac_cv_env_PKG_CONFIG_LIBDIR_value=
ac_cv_env_PKG_CONFIG_PATH_set=
ac_cv_env_PKG_CONFIG_PATH_value=
ac_cv_env_PKG_CONFIG_set=
ac_cv_env_PKG_CONFIG_value=
ac_cv_env_XSLTPROC_set=
ac_cv_env_XSLTPROC_value=
ac_cv_env_build_alias_set=
ac_cv_env_build_alias_value=
ac_cv_env_host_alias_set=set
ac_cv_env_host_alias_value=arm-linux
ac_cv_env_target_alias_set=
ac_cv_env_target_alias_value=
ac_cv_header_dlfcn_h=yes
ac_cv_header_inttypes_h=yes
ac_cv_header_memory_h=yes
ac_cv_header_stdc=yes
ac_cv_header_stdint_h=yes
ac_cv_header_stdlib_h=yes
ac_cv_header_string_h=yes
ac_cv_header_strings_h=yes
ac_cv_header_sys_stat_h=yes
ac_cv_header_sys_types_h=yes
ac_cv_header_unistd_h=yes
ac_cv_host=arm-unknown-linux-gnu
ac_cv_objext=o
ac_cv_path_DOT=dot
ac_cv_path_DOXYGEN=doxygen
ac_cv_path_EGREP='/bin/grep -E'
ac_cv_path_FGREP='/bin/grep -F'
ac_cv_path_GREP=/bin/grep
ac_cv_path_PERL=/usr/bin/perl
ac_cv_path_SED=/bin/sed
ac_cv_path_XSLTPROC=/usr/bin/xsltproc
ac_cv_path_ac_pt_PKG_CONFIG=/usr/bin/pkg-config
ac_cv_path_install='/usr/bin/install -c'
ac_cv_path_mkdir=/bin/mkdir
ac_cv_prog_AR=arm-linux-ar
ac_cv_prog_AWK=gawk
ac_cv_prog_CC=arm-linux-gcc
ac_cv_prog_CPP='arm-linux-gcc -E'
ac_cv_prog_CXX=arm-linux-g++
ac_cv_prog_CXXCPP='arm-linux-g++ -E'
ac_cv_prog_DLLTOOL=dlltool
ac_cv_prog_M4=m4
ac_cv_prog_OBJDUMP=objdump
ac_cv_prog_RANLIB=arm-linux-ranlib
ac_cv_prog_STRIP=arm-linux-strip
ac_cv_prog_cc_c89=
ac_cv_prog_cc_g=yes
ac_cv_prog_cxx_g=yes
ac_cv_prog_make_make_set=yes
am_cv_CC_dependencies_compiler_type=gcc3
am_cv_CXX_dependencies_compiler_type=gcc3
am_cv_prog_tar_ustar=gnutar
lt_cv_ar_at_file=@
lt_cv_archive_cmds_need_lc=no
lt_cv_deplibs_check_method=pass_all
lt_cv_file_magic_cmd='$MAGIC_CMD'
lt_cv_file_magic_test_file=
lt_cv_ld_reload_flag=-r
lt_cv_nm_interface='BSD nm'
lt_cv_objdir=.libs
lt_cv_path_LD=/home/smalik/arm-gcc/opt/FriendlyARM/toolschain/4.4.3/arm-none-linux-gnueabi/bin/ld
lt_cv_path_LDCXX=/home/smalik/arm-gcc/opt/FriendlyARM/toolschain/4.4.3/arm-none-linux-gnueabi/bin/ld
lt_cv_path_NM='/home/smalik/arm-gcc/opt/FriendlyARM/toolschain/4.4.3/bin/arm-linux-nm -B'
lt_cv_path_mainfest_tool=no
lt_cv_prog_compiler_c_o=yes
lt_cv_prog_compiler_c_o_CXX=yes
lt_cv_prog_compiler_pic='-fPIC -DPIC'
lt_cv_prog_compiler_pic_CXX='-fPIC -DPIC'
lt_cv_prog_compiler_pic_works=yes
lt_cv_prog_compiler_pic_works_CXX=yes
lt_cv_prog_compiler_rtti_exceptions=no
lt_cv_prog_compiler_static_works=yes
lt_cv_prog_compiler_static_works_CXX=yes
lt_cv_prog_gnu_ld=yes
lt_cv_prog_gnu_ldcxx=yes
lt_cv_sharedlib_from_linklib_cmd='printf %s\n'
lt_cv_shlibpath_overrides_runpath=yes
lt_cv_sys_global_symbol_pipe='sed -n -e '\''s/^.*[	 ]\([ABCDGIRSTW][ABCDGIRSTW]*\)[	 ][	 ]*\([_A-Za-z][_A-Za-z0-9]*\)$/\1 \2 \2/p'\'' | sed '\''/ __gnu_lto/d'\'''
lt_cv_sys_global_symbol_to_c_name_address='sed -n -e '\''s/^: \([^ ]*\)[ ]*$/  {\"\1\", (void *) 0},/p'\'' -e '\''s/^[ABCDGIRSTW]* \([^ ]*\) \([^ ]*\)$/  {"\2", (void *) \&\2},/p'\'''
lt_cv_sys_global_symbol_to_c_name_address_lib_prefix='sed -n -e '\''s/^: \([^ ]*\)[ ]*$/  {\"\1\", (void *) 0},/p'\'' -e '\''s/^[ABCDGIRSTW]* \([^ ]*\) \(lib[^ ]*\)$/  {"\2", (void *) \&\2},/p'\'' -e '\''s/^[ABCDGIRSTW]* \([^ ]*\) \([^ ]*\)$/  {"lib\2", (void *) \&\2},/p'\'''
lt_cv_sys_global_symbol_to_cdecl='sed -n -e '\''s/^T .* \(.*\)$/extern int \1();/p'\'' -e '\''s/^[ABCDGIRSTW]* .* \(.*\)$/extern char \1;/p'\'''
lt_cv_sys_max_cmd_len=1572864
lt_cv_to_host_file_cmd=func_convert_file_noop
lt_cv_to_tool_file_cmd=func_convert_file_noop
sigc_cv_cxx_has_namespace_std=yes
sigc_cv_cxx_has_sun_reverse_iterator=no

## ----------------- ##
## Output variables. ##
## ----------------- ##

ACLOCAL='${SHELL} /home/smalik/Downloads/arm/sigcpp/libsigc++-2.2.10/build/missing --run aclocal-1.11'
ACLOCAL_FLAGS=''
AMDEPBACKSLASH='\'
AMDEP_FALSE='#'
AMDEP_TRUE=''
AMTAR='${SHELL} /home/smalik/Downloads/arm/sigcpp/libsigc++-2.2.10/build/missing --run tar'
AM_BACKSLASH='\'
AM_DEFAULT_VERBOSITY='1'
AR='arm-linux-ar'
AS='as'
AUTOCONF='${SHELL} /home/smalik/Downloads/arm/sigcpp/libsigc++-2.2.10/build/missing --run autoconf'
AUTOHEADER='${SHELL} /home/smalik/Downloads/arm/sigcpp/libsigc++-2.2.10/build/missing --run autoheader'
AUTOMAKE='${SHELL} /home/smalik/Downloads/arm/sigcpp/libsigc++-2.2.10/build/missing --run automake-1.11'
AWK='gawk'
CC='arm-linux-gcc'
CCDEPMODE='depmode=gcc3'
CFLAGS='-g -O2'
CPP='arm-linux-gcc -E'
CPPFLAGS=''
CXX='arm-linux-g++'
CXXCPP='arm-linux-g++ -E'
CXXDEPMODE='depmode=gcc3'
CXXFLAGS='-g -O2'
CYGPATH_W='echo'
DEFS='-DHAVE_CONFIG_H'
DEPDIR='.deps'
DIST_DOCTOOLS_FALSE='#'
DIST_DOCTOOLS_TRUE=''
DLLTOOL='dlltool'
DOCINSTALL_FLAGS=''
DOT='dot'
DOXYGEN='doxygen'
DOXYGEN_TAGFILES='"libstdc++.tag"'
DSYMUTIL=''
DUMPBIN=''
ECHO_C=''
ECHO_N='-n'
ECHO_T=''
EGREP='/bin/grep -E'
ENABLE_DOCUMENTATION_FALSE='#'
ENABLE_DOCUMENTATION_TRUE=''
EXEEXT=''
FGREP='/bin/grep -F'
GREP='/bin/grep'
INSTALL_DATA='${INSTALL} -m 644'
INSTALL_PROGRAM='${INSTALL}'
INSTALL_SCRIPT='${INSTALL}'
INSTALL_STRIP_PROGRAM='$(install_sh) -c -s'
LD='/home/smalik/arm-gcc/opt/FriendlyARM/toolschain/4.4.3/arm-none-linux-gnueabi/bin/ld'
LDFLAGS=''
LIBOBJS=''
LIBS=''
LIBTOOL='$(SHELL) $(top_builddir)/libtool'
LIPO=''
LN_S='ln -s'
LTLIBOBJS=''
M4='m4'
MAINT='#'
MAINTAINER_MODE_FALSE=''
MAINTAINER_MODE_TRUE='#'
MAKEINFO='${SHELL} /home/smalik/Downloads/arm/sigcpp/libsigc++-2.2.10/build/missing --run makeinfo'
MANIFEST_TOOL=':'
MKDIR_P='/bin/mkdir -p'
MMDOCTOOLDIR='${top_srcdir}/docs'
NM='/home/smalik/arm-gcc/opt/FriendlyARM/toolschain/4.4.3/bin/arm-linux-nm -B'
NMEDIT=''
OBJDUMP='objdump'
OBJEXT='o'
OTOOL64=''
OTOOL=''
PACKAGE='libsigc++'
PACKAGE_BUGREPORT='http://bugzilla.gnome.org/enter_bug.cgi?product=libsigc%2B%2B'
PACKAGE_NAME='libsigc++'
PACKAGE_STRING='libsigc++ 2.2.10'
PACKAGE_TARNAME='libsigc++'
PACKAGE_URL='http://libsigc.sourceforge.net/'
PACKAGE_VERSION='2.2.10'
PATH_SEPARATOR=':'
PERL='/usr/bin/perl'
PKG_CONFIG='/usr/bin/pkg-config'
PKG_CONFIG_LIBDIR=''
PKG_CONFIG_PATH=''
RANLIB='arm-linux-ranlib'
SED='/bin/sed'
SET_MAKE=''
SHELL='/bin/sh'
SIGCXX_API_VERSION='2.0'
SIGCXX_MAJOR_VERSION='2'
SIGCXX_MICRO_VERSION='10'
SIGCXX_MINOR_VERSION='2'
SIGCXX_MODULE_NAME='sigc++-2.0'
SIGCXX_VERSION='2.2.10'
SIGC_WXXFLAGS='-Wall'
STRIP='arm-linux-strip'
VERSION='2.2.10'
XSLTPROC='/usr/bin/xsltproc'
ac_ct_AR=''
ac_ct_CC=''
ac_ct_CXX=''
ac_ct_DUMPBIN=''
am__EXEEXT_FALSE=''
am__EXEEXT_TRUE='#'
am__fastdepCC_FALSE='#'
am__fastdepCC_TRUE=''
am__fastdepCXX_FALSE='#'
am__fastdepCXX_TRUE=''
am__include='include'
am__isrc=''
am__leading_dot='.'
am__quote=''
am__tar='tar --format=ustar -chf - "$$tardir"'
am__untar='tar -xf -'
bindir='${exec_prefix}/bin'
build='x86_64-unknown-linux-gnu'
build_alias=''
build_cpu='x86_64'
build_os='linux-gnu'
build_vendor='unknown'
datadir='${datarootdir}'
datarootdir='${prefix}/share'
docdir='${datarootdir}/doc/${PACKAGE_TARNAME}'
dvidir='${docdir}'
exec_prefix='${prefix}'
host='arm-unknown-linux-gnu'
host_alias='arm-linux'
host_cpu='arm'
host_os='linux-gnu'
host_vendor='unknown'
htmldir='${docdir}'
includedir='${prefix}/include'
infodir='${datarootdir}/info'
install_sh='${SHELL} /home/smalik/Downloads/arm/sigcpp/libsigc++-2.2.10/build/install-sh'
libdir='${exec_prefix}/lib'
libexecdir='${exec_prefix}/libexec'
localedir='${datarootdir}/locale'
localstatedir='${prefix}/var'
mandir='${datarootdir}/man'
mkdir_p='/bin/mkdir -p'
oldincludedir='/usr/include'
pdfdir='${docdir}'
prefix='/home/smalik/arm-gcc/opt/FriendlyARM/toolschain/4.4.3'
program_transform_name='s,x,x,'
psdir='${docdir}'
sbindir='${exec_prefix}/sbin'
sharedstatedir='${prefix}/com'
sysconfdir='${prefix}/etc'
target_alias=''

## ----------- ##
## confdefs.h. ##
## ----------- ##

/* confdefs.h */
#define PACKAGE_NAME "libsigc++"
#define PACKAGE_TARNAME "libsigc++"
#define PACKAGE_VERSION "2.2.10"
#define PACKAGE_STRING "libsigc++ 2.2.10"
#define PACKAGE_BUGREPORT "http://bugzilla.gnome.org/enter_bug.cgi?product=libsigc%2B%2B"
#define PACKAGE_URL "http://libsigc.sourceforge.net/"
#define SIGCXX_MAJOR_VERSION 2
#define SIGCXX_MINOR_VERSION 2
#define SIGCXX_MICRO_VERSION 10
#define STDC_HEADERS 1
#define HAVE_SYS_TYPES_H 1
#define HAVE_SYS_STAT_H 1
#define HAVE_STDLIB_H 1
#define HAVE_STRING_H 1
#define HAVE_MEMORY_H 1
#define HAVE_STRINGS_H 1
#define HAVE_INTTYPES_H 1
#define HAVE_STDINT_H 1
#define HAVE_UNISTD_H 1
#define HAVE_DLFCN_H 1
#define LT_OBJDIR ".libs/"
#define SIGC_GCC_TEMPLATE_SPECIALIZATION_OPERATOR_OVERLOAD 1
#define SIGC_MSVC_TEMPLATE_SPECIALIZATION_OPERATOR_OVERLOAD 1
#define SIGC_SELF_REFERENCE_IN_MEMBER_INITIALIZATION 1
#define SIGC_HAVE_NAMESPACE_STD 1

configure: exit 0
